
fluid > Main directory: ./

fluid > Reading conditon file ".//cond.dat".
fluid > #num_ip_each_axis: 2 
fluid > #mat_epsilon: 1.000000e-08 
fluid > #mat_max_iter: 10000 
fluid > #time_spacing: 1.000000e-03 
fluid > #finish_time: 4.000000e+00 
fluid > #output_interval: 100 
fluid > #density_l: 9.980000e+02 
fluid > #density_g: 1.205000e+00 
fluid > #viscosity_l: 1.010000e-03 
fluid > #viscosity_g: 1.810000e-05 
fluid > #gravity: 0.000000e+00 0.000000e+00 -9.800000e-01 
fluid > #accel_amp: 1.000000e+00 1.000000e+00 1.000000e+00 
fluid > #accel_angle_vel: 1.000000e+00 1.000000e+00 1.000000e+00 
fluid > #surf_tension_coef: 9.800000e+00 
fluid > #size_interface: 4.380000e-02 
fluid > #dt_reinit: 2.000000e-01 
fluid > #epsilon_reinit: 5.000000e-01 
fluid > #delta_reinit: 1.000000e-10 
fluid > #alpha_reinit: 1.000000e-07 
fluid > #max_iter_reinit: 5 
fluid > #output_option: 0 
fluid > #ale_option: 0 

fluid > ---------- Calculation condition ----------
fluid > #num_ip_each_axis: 2
fluid > #mat_epsilon: 1.000000e-08
fluid > #mat_max_iter: 10000
fluid > #time_spacing: 1.000000e-03
fluid > #finish_time: 4.000000e+00
fluid > #output_interval: 100
fluid > #density_l: 9.980000e+02
fluid > #density_g: 1.205000e+00
fluid > #viscosity_l: 1.010000e-03
fluid > #viscosity_g: 1.810000e-05
fluid > #gravity: 0.000000e+00 0.000000e+00 -9.800000e-01
fluid > #accel_amp: 1.000000e+00 1.000000e+00 1.000000e+00
fluid > #accel_angle_vel: 1.000000e+00 1.000000e+00 1.000000e+00
fluid > #surf_tension_coef: 9.800000e+00
fluid > #size_interface: 4.380000e-02
fluid > #dt_reinit: 2.000000e-01
fluid > #epsilon_reinit: 5.000000e-01
fluid > #delta_reinit: 1.000000e-10
fluid > #alpha_reinit: 1.000000e-07
fluid > #max_iter_reinit: 5
fluid > #output_option: 0
fluid > #ale_option: 0
fluid > -------------------------------------------


FE_sys/read > Reading file ".//.//node.dat".
FE_sys/read > Num. nodes: 11275
FE_sys/read > Reading file ".//.//elem.dat".
FE_sys/read > Num. elements: 9600
fluid > Element type: 1st-order hexahedron.
fluid > The number of integration points: 8
FE_sys/read > Reading file ".//.//D_bc_v.dat".
fluid > Num. Dirichlet B.C.: 3502, Num. block size: 4
FE_sys/read > Reading file ".//.//levelset.dat".
fluid > Label: #levelset
fluid > Num. nodes: 11275
fluid > Num. values per nodes: 1
FE_sys/write > Writing file ".//result_0_000000.vtk".
total_num_nodes: 11275
Volume of gas at T=0: 0.023618
FE_sys/write > Writing (adding) file ".//result_volume.csv".

fluid > ----------------- step 1 ----------------
fluid > --- update density and viscosity step ---
fluid > --- directly solve velocity and pressure step ---
fluid > --- levelset function convection step ---
fluid > --- L2 projection of Levelset step ---
fluid > --- Reinitialization step ---
Reinitialization Step: 1
Error: 0.457031, Delta: 0.000000
Reinitialization Step: 2
Error: 1.778729, Delta: 0.000000
Reinitialization Step: 3
Error: 9.221677, Delta: 0.000000
Reinitialization Step: 4
Error: 34.112414, Delta: 0.000000
Reinitialization Step: 5
Error: 129.822747, Delta: 0.000000
fluid > --- Volume correction step ---
V_g(0): 0.023618, V_g(1): 0.023618, V_g(1)/V_g(0): 100.000000 (%)
FE_sys/write > Writing (adding) file ".//result_volume.csv".

fluid > ----------------- step 2 ----------------
fluid > --- update density and viscosity step ---
fluid > --- directly solve velocity and pressure step ---
fluid > --- levelset function convection step ---
fluid > --- L2 projection of Levelset step ---
fluid > --- Reinitialization step ---
** MONOLIS solver: BiCGSTAB, prec: Diag
** MONOLIS converge iter:        97
** MONOLIS rel. residual: 9.727E-09
** MONOLIS solution time: 6.784E-01
 - solution/prepost time: 0.000E+00
 - solution/SpMV    time: 6.034E-01
 - solution/inner p time: 1.161E-02
 - solution/precond time: 0.000E+00
 - (comm time/inner p)  : 5.869E-05
 - (comm time/spmv)     : 0.000E+00
** MONOLIS solver: BiCGSTAB, prec: Diag
** MONOLIS converge iter:        12
** MONOLIS rel. residual: 6.480E-10
** MONOLIS solution time: 6.941E-03
 - solution/prepost time: 0.000E+00
 - solution/SpMV    time: 4.626E-03
 - solution/inner p time: 3.419E-04
 - solution/precond time: 0.000E+00
 - (comm time/inner p)  : 5.917E-06
 - (comm time/spmv)     : 0.000E+00
** MONOLIS solver: BiCGSTAB, prec: Diag
** MONOLIS converge iter:         1
** MONOLIS rel. residual: 9.107E-33
** MONOLIS solution time: 5.812E-03
 - solution/prepost time: 0.000E+00
 - solution/SpMV    time: 4.017E-03
 - solution/inner p time: 1.130E-04
 - solution/precond time: 0.000E+00
 - (comm time/inner p)  : 1.079E-06
 - (comm time/spmv)     : 0.000E+00
** MONOLIS solver: BiCGSTAB, prec: Diag
** MONOLIS converge iter:        11
** MONOLIS rel. residual: 7.055E-09
** MONOLIS solution time: 6.396E-03
 - solution/prepost time: 0.000E+00
 - solution/SpMV    time: 4.310E-03
 - solution/inner p time: 3.015E-04
 - solution/precond time: 0.000E+00
 - (comm time/inner p)  : 4.687E-06
 - (comm time/spmv)     : 0.000E+00
** MONOLIS solver: BiCGSTAB, prec: Diag
** MONOLIS converge iter:        11
** MONOLIS rel. residual: 4.857E-09
** MONOLIS solution time: 6.325E-03
 - solution/prepost time: 0.000E+00
 - solution/SpMV    time: 4.259E-03
 - solution/inner p time: 3.148E-04
 - solution/precond time: 0.000E+00
 - (comm time/inner p)  : 5.040E-06
 - (comm time/spmv)     : 0.000E+00
** MONOLIS solver: BiCGSTAB, prec: Diag
** MONOLIS converge iter:        12
** MONOLIS rel. residual: 6.098E-09
** MONOLIS solution time: 6.889E-03
 - solution/prepost time: 0.000E+00
 - solution/SpMV    time: 4.518E-03
 - solution/inner p time: 3.704E-04
 - solution/precond time: 0.000E+00
 - (comm time/inner p)  : 5.254E-06
 - (comm time/spmv)     : 0.000E+00
** MONOLIS solver: BiCGSTAB, prec: Diag
** MONOLIS converge iter:        14
** MONOLIS rel. residual: 7.539E-09
** MONOLIS solution time: 7.875E-03
 - solution/prepost time: 0.000E+00
 - solution/SpMV    time: 5.256E-03
 - solution/inner p time: 4.114E-04
 - solution/precond time: 0.000E+00
 - (comm time/inner p)  : 6.344E-06
 - (comm time/spmv)     : 0.000E+00
** MONOLIS solver: BiCGSTAB, prec: Diag
** MONOLIS converge iter:        16
** MONOLIS rel. residual: 6.974E-09
** MONOLIS solution time: 8.895E-03
 - solution/prepost time: 0.000E+00
 - solution/SpMV    time: 6.071E-03
 - solution/inner p time: 4.341E-04
 - solution/precond time: 0.000E+00
 - (comm time/inner p)  : 6.991E-06
 - (comm time/spmv)     : 0.000E+00
** MONOLIS solver: BiCGSTAB, prec: Diag
** MONOLIS converge iter:       142
** MONOLIS rel. residual: 6.801E-09
** MONOLIS solution time: 9.895E-01
 - solution/prepost time: 0.000E+00
 - solution/SpMV    time: 8.817E-01
 - solution/inner p time: 1.717E-02
 - solution/precond time: 0.000E+00
 - (comm time/inner p)  : 9.401E-05
 - (comm time/spmv)     : 0.000E+00
** MONOLIS solver: BiCGSTAB, prec: Diag
** MONOLIS converge iter:        16
** MONOLIS rel. residual: 7.040E-09
** MONOLIS solution time: 9.015E-03
 - solution/prepost time: 0.000E+00
 - solution/SpMV    time: 6.103E-03
 - solution/inner p time: 4.503E-04
 - solution/precond time: 0.000E+00
 - (comm time/inner p)  : 7.157E-06
 - (comm time/spmv)     : 0.000E+00
** MONOLIS solver: BiCGSTAB, prec: Diag
** MONOLIS converge iter:         1
** MONOLIS rel. residual: 9.902E-33
** MONOLIS solution time: 5.767E-03
 - solution/prepost time: 0.000E+00
 - solution/SpMV    time: 3.984E-03
 - solution/inner p time: 1.284E-04
 - solution/precond time: 0.000E+00
 - (comm time/inner p)  : 1.262E-06
 - (comm time/spmv)     : 0.000E+00
** MONOLIS solver: BiCGSTAB, prec: Diag
** MONOLIS converge iter:        18
** MONOLIS rel. residual: 4.298E-09
Reinitialization Step: 1
Error: 1682.492927, Delta: 0.000000
Reinitialization Step: 2
Error: 18326.773072, Delta: 0.000000
Reinitialization Step: 3
Error: 263156.554623, Delta: 0.000000
Reinitialization Step: 4
Error: 4563050.164108, Delta: 0.000000
Reinitialization Step: 5
Error: 86368270.875862, Delta: 0.000000
fluid > --- Volume correction step ---
V_g(0): 0.023618, V_g(2): 0.024264, V_g(2)/V_g(0): 102.738634 (%)
FE_sys/write > Writing (adding) file ".//result_volume.csv".

fluid > ----------------- step 3 ----------------
fluid > --- update density and viscosity step ---
fluid > --- directly solve velocity and pressure step ---
fluid > --- levelset function convection step ---
fluid > --- L2 projection of Levelset step ---
fluid > --- Reinitialization step ---
Reinitialization Step: 1
Error: 1898552903.756030, Delta: 0.000000
Reinitialization Step: 2
Error: 40041558367.761490, Delta: 0.000000
Reinitialization Step: 3
Error: 1058477349780.387939, Delta: 0.000000
** MONOLIS solution time: 9.961E-03
 - solution/prepost time: 0.000E+00
 - solution/SpMV    time: 6.817E-03
 - solution/inner p time: 5.006E-04
 - solution/precond time: 0.000E+00
 - (comm time/inner p)  : 7.797E-06
 - (comm time/spmv)     : 0.000E+00
** MONOLIS solver: BiCGSTAB, prec: Diag
** MONOLIS converge iter:        18
** MONOLIS rel. residual: 7.363E-09
** MONOLIS solution time: 9.953E-03
 - solution/prepost time: 0.000E+00
 - solution/SpMV    time: 6.774E-03
 - solution/inner p time: 5.042E-04
 - solution/precond time: 0.000E+00
 - (comm time/inner p)  : 7.153E-06
 - (comm time/spmv)     : 0.000E+00
** MONOLIS solver: BiCGSTAB, prec: Diag
** MONOLIS converge iter:        18
** MONOLIS rel. residual: 7.895E-09
** MONOLIS solution time: 9.919E-03
 - solution/prepost time: 0.000E+00
 - solution/SpMV    time: 6.800E-03
 - solution/inner p time: 4.868E-04
 - solution/precond time: 0.000E+00
 - (comm time/inner p)  : 7.223E-06
 - (comm time/spmv)     : 0.000E+00
** MONOLIS solver: BiCGSTAB, prec: Diag
** MONOLIS converge iter:        18
** MONOLIS rel. residual: 6.716E-09
** MONOLIS solution time: 9.917E-03
 - solution/prepost time: 0.000E+00
 - solution/SpMV    time: 6.774E-03
 - solution/inner p time: 5.005E-04
 - solution/precond time: 0.000E+00
 - (comm time/inner p)  : 7.433E-06
 - (comm time/spmv)     : 0.000E+00
** MONOLIS solver: BiCGSTAB, prec: Diag
** MONOLIS converge iter:        18
** MONOLIS rel. residual: 7.321E-09
** MONOLIS solution time: 9.926E-03
 - solution/prepost time: 0.000E+00
 - solution/SpMV    time: 6.737E-03
 - solution/inner p time: 5.021E-04
 - solution/precond time: 0.000E+00
 - (comm time/inner p)  : 7.449E-06
 - (comm time/spmv)     : 0.000E+00
** MONOLIS solver: BiCGSTAB, prec: Diag
** MONOLIS converge iter:       150
** MONOLIS rel. residual: 6.422E-09
** MONOLIS solution time: 1.045E+00
 - solution/prepost time: 0.000E+00
 - solution/SpMV    time: 9.316E-01
 - solution/inner p time: 1.806E-02
 - solution/precond time: 0.000E+00
 - (comm time/inner p)  : 9.023E-05
 - (comm time/spmv)     : 0.000E+00
** MONOLIS solver: BiCGSTAB, prec: Diag
** MONOLIS converge iter:        18
** MONOLIS rel. residual: 7.297E-09
** MONOLIS solution time: 9.970E-03
 - solution/prepost time: 0.000E+00
 - solution/SpMV    time: 6.727E-03
 - solution/inner p time: 5.353E-04
 - solution/precond time: 0.000E+00
 - (comm time/inner p)  : 7.744E-06
 - (comm time/spmv)     : 0.000E+00
** MONOLIS solver: BiCGSTAB, prec: Diag
** MONOLIS converge iter:         1
** MONOLIS rel. residual: 8.779E-33
** MONOLIS solution time: 5.783E-03
 - solution/prepost time: 0.000E+00
 - solution/SpMV    time: 3.989E-03
 - solution/inner p time: 1.122E-04
 - solution/precond time: 0.000E+00
 - (comm time/inner p)  : 1.106E-06
 - (comm time/spmv)     : 0.000E+00
** MONOLIS solver: BiCGSTAB, prec: Diag
** MONOLIS converge iter:        18
** MONOLIS rel. residual: 5.385E-09
** MONOLIS solution time: 9.926E-03
 - solution/prepost time: 0.000E+00
 - solution/SpMV    time: 6.784E-03
 - solution/inner p time: 5.056E-04
 - solution/precond time: 0.000E+00
 - (comm time/inner p)  : 7.571E-06
 - (comm time/spmv)     : 0.000E+00
** MONOLIS solver: BiCGSTAB, prec: Diag
** MONOLIS converge iter:        18
** MONOLIS rel. residual: 7.512E-09
** MONOLIS solution time: 9.905E-03
 - solution/prepost time: 0.000E+00
 - solution/SpMV    time: 6.762E-03
 - solution/inner p time: 5.179E-04
 - solution/precond time: 0.000E+00
 - (comm time/inner p)  : 6.984E-06
 - (comm time/spmv)     : 0.000E+00
** MONOLIS solver: BiCGSTAB, prec: Diag
** MONOLIS converge iter:        19
** MONOLIS rel. residual: 3.813E-09
** MONOLIS solution time: 1.037E-02
 - solution/prepost time: 0.000E+00
 - solution/SpMV    time: 7.120E-03
 - solution/inner p time: 5.206E-04
 - solution/precond time: 0.000E+00
 - (comm time/inner p)  : 7.687E-06
 - (comm time/spmv)     : 0.000E+00
** MONOLIS solver: BiCGSTAB, prec: Diag
** MONOLIS converge iter:        19
** MONOLIS rel. residual: 4.155E-09
** MONOLIS solution time: 1.035E-02
 - solution/prepost time: 0.000E+00
 - solution/SpMV    time: 7.063E-03
Reinitialization Step: 4
Error: 29843217288267.089844, Delta: 0.000000
Reinitialization Step: 5
Error: 870778081221146.375000, Delta: 0.000000
fluid > --- Volume correction step ---
V_g(0): 0.023618, V_g(3): 0.005907, V_g(3)/V_g(0): 25.012067 (%)
FE_sys/write > Writing (adding) file ".//result_volume.csv".

fluid > ----------------- step 4 ----------------
fluid > --- update density and viscosity step ---
fluid > --- directly solve velocity and pressure step ---
 - solution/inner p time: 5.232E-04
 - solution/precond time: 0.000E+00
 - (comm time/inner p)  : 7.896E-06
 - (comm time/spmv)     : 0.000E+00
** MONOLIS solver: BiCGSTAB, prec: Diag
** MONOLIS converge iter:        19
** MONOLIS rel. residual: 4.742E-09
** MONOLIS solution time: 1.036E-02
 - solution/prepost time: 0.000E+00
 - solution/SpMV    time: 7.089E-03
 - solution/inner p time: 5.246E-04
 - solution/precond time: 0.000E+00
 - (comm time/inner p)  : 7.936E-06
 - (comm time/spmv)     : 0.000E+00
** MONOLIS solver: BiCGSTAB, prec: Diag
[31m** MONOLIS ERROR: [0mreached the maximum number of iterations
